
Chromatic CLI v7.6.0
https://www.chromatic.com/docs/cli

Authenticating with Chromatic
    → Connecting to https://index.chromatic.com
Authenticated with Chromatic
    → Using project token '****************2673'
Retrieving git information
Retrieved git information
    → Commit '7409780' on branch 'main'; found 1 parent build
Collecting Storybook metadata
Collected Storybook metadata
    → Storybook 7.5.2 for React; using the @storybook/react-webpack5 builder (7.5.2); supported addons found: Links, Essentials, Interactions, A11y
Initializing build
Initialized build
    → Build 2 initialized
Building your Storybook
    → Running command: yarn run build-storybook --output-dir /var/folders/_l/4x_99hxs34qbd9s06lqh_gzh0000gn/T/chromatic--25159-TcvLEw8zliWO
Storybook built in 9 seconds
    → View build log at /Users/nebuddha/Simple2B/lecture-storybook/my-app/build-storybook.log
Publish your built Storybook
    → Validating Storybook files
Publishing your built Storybook
    → Retrieving target location
    → Starting publish
    → [                    ] 1%
    → [==                  ] 8%
    → [==                  ] 10%
    → [===                 ] 15%
    → [===                 ] 17%
    → [====                ] 21%
    → [=====               ] 24%
    → [=====               ] 26%
    → [=====               ] 27%
    → [======              ] 28%
    → [======              ] 30%
    → [======              ] 32%
    → [=======             ] 33%
    → [=======             ] 35%
    → [=======             ] 36%
    → [========            ] 38%
    → [========            ] 39%
    → [========            ] 41%
    → [=========           ] 43%
    → [=========           ] 44%
    → [=========           ] 45%
    → [=========           ] 47%
    → [==========          ] 48%
    → [==========          ] 49%
    → [==========          ] 51%
    → [==========          ] 52%
    → [===========         ] 54%
    → [===========         ] 55%
    → [===========         ] 56%
    → [===========         ] 57%
    → [============        ] 58%
    → [============        ] 59%
    → [============        ] 60%
    → [============        ] 61%
    → [=============       ] 63%
    → [=============       ] 64%
    → [=============       ] 65%
    → [=============       ] 67%
    → [==============      ] 69%
    → [==============      ] 71%
    → [===============     ] 74%
    → [===============     ] 75%
    → [================    ] 78%
    → [================    ] 79%
    → [================    ] 80%
    → [================    ] 81%
    → [================    ] 82%
    → [=================   ] 83%
    → [=================   ] 85%
    → [==================  ] 88%
    → [==================  ] 89%
    → [==================  ] 90%
    → [==================  ] 91%
    → [==================  ] 92%
    → [=================== ] 93%
    → [=================== ] 96%
    → [=================== ] 97%
    → [====================] 98%
    → [====================] 99%
    → [====================] 100%
Publish complete in 17 seconds
    → View your Storybook at https://65437b70daf87f1bb01d4627-ixboyhhkke.chromatic.com
Verifying your Storybook
    → This may take a few minutes
Started build 2
    → View build details at https://www.chromatic.com/build?appId=65437b70daf87f1bb01d4627&number=2
Running 11 tests
    → This may take a few minutes
ℹ Speed up Continuous Integration
Your project is linked to GitHub so Chromatic will report results there.
This means you can pass the --exit-once-uploaded flag to skip waiting for build results.
Read more here: https://www.chromatic.com/docs/cli#chromatic-options
    → [==                  ] 1/11  Card › Primary 
    → [=======             ] 4/11  Button › Secondary 
    → [=========           ] 5/11  Button › Large 
    → [===========         ] 6/11  Button › Small 
    → [===============     ] 8/11  Header › Logged In 
    → [================    ] 9/11  Header › Logged Out 
    → [==================  ] 10/11  Page › Logged Out 
✖ Found 2 visual changes: Review the changes at https://www.chromatic.com/build?appId=65437b70daf87f1bb01d4627&number=2

ℹ For CI/CD use cases, this command failed with exit code 1
Pass --exit-zero-on-changes to succeed this command regardless of changes.
Pass --auto-accept-changes to succeed and automatically accept any changes.
